14:56:53.002 [main] ERROR com.sonatype.lift.scanner.Scanner - Error performing scan
java.lang.NullPointerException: null
	at java.base/sun.nio.fs.UnixFileSystem.getPath(UnixFileSystem.java:271)
	at java.base/java.nio.file.Path.of(Path.java:147)
	at com.sonatype.lift.scanner.clients.LiftClientService.sendBomWithSourceInfo(LiftClientService.java:52)
	at com.sonatype.lift.scanner.LiftBomGenerator.generateJsonOutput(LiftBomGenerator.java:71)
	at com.sonatype.lift.scanner.Scanner.generateOutput(Scanner.java:281)
	at com.sonatype.lift.scanner.Scanner.outputSBOM(Scanner.java:227)
	at com.sonatype.lift.scanner.Scanner.scan(Scanner.java:199)
	at com.sonatype.lift.scanner.Scanner.call(Scanner.java:151)
	at com.sonatype.lift.scanner.Scanner.call(Scanner.java:43)
	at picocli.CommandLine.executeUserObject(CommandLine.java:1953)
	at picocli.CommandLine.access$1300(CommandLine.java:145)
	at picocli.CommandLine$RunLast.executeUserObjectOfLastSubcommandWithSameParent(CommandLine.java:2352)
	at picocli.CommandLine$RunLast.handle(CommandLine.java:2346)
	at picocli.CommandLine$RunLast.handle(CommandLine.java:2311)
	at picocli.CommandLine$AbstractParseResultHandler.execute(CommandLine.java:2179)
	at picocli.CommandLine.execute(CommandLine.java:2078)
	at com.sonatype.lift.scanner.Scanner.main(Scanner.java:133)
15:18:12.834 [main] ERROR com.sonatype.lift.scanner.Scanner - Error performing scan
java.lang.NullPointerException: null
	at java.base/sun.nio.fs.UnixFileSystem.getPath(UnixFileSystem.java:271)
	at java.base/java.nio.file.Path.of(Path.java:147)
	at com.sonatype.lift.scanner.clients.LiftClientService.sendBomWithSourceInfo(LiftClientService.java:52)
	at com.sonatype.lift.scanner.LiftBomGenerator.generateJsonOutput(LiftBomGenerator.java:71)
	at com.sonatype.lift.scanner.Scanner.generateOutput(Scanner.java:281)
	at com.sonatype.lift.scanner.Scanner.outputSBOM(Scanner.java:227)
	at com.sonatype.lift.scanner.Scanner.scan(Scanner.java:199)
	at com.sonatype.lift.scanner.Scanner.call(Scanner.java:151)
	at com.sonatype.lift.scanner.Scanner.call(Scanner.java:43)
	at picocli.CommandLine.executeUserObject(CommandLine.java:1953)
	at picocli.CommandLine.access$1300(CommandLine.java:145)
	at picocli.CommandLine$RunLast.executeUserObjectOfLastSubcommandWithSameParent(CommandLine.java:2352)
	at picocli.CommandLine$RunLast.handle(CommandLine.java:2346)
	at picocli.CommandLine$RunLast.handle(CommandLine.java:2311)
	at picocli.CommandLine$AbstractParseResultHandler.execute(CommandLine.java:2179)
	at picocli.CommandLine.execute(CommandLine.java:2078)
	at com.sonatype.lift.scanner.Scanner.main(Scanner.java:133)
